<?xml version="1.0" encoding="UTF-8"?>
<!-- Generated by org.testng.reporters.JUnitReportReporter -->
<testsuite hostname="DESKTOP-3HUAFOG" failures="0" tests="1" name="PageTest.DownloadPaySlipPageTest" time="38.471" errors="0" timestamp="2022-03-16T01:29:17 IST" skipped="0">
  <testcase classname="PageTest.DownloadPaySlipPageTest" name="BookshlevesTest" time="38.471"/>
  <system-out/>
</testsuite> <!-- PageTest.DownloadPaySlipPageTest -->
